Using pre-set license
Built from '2021.1/china_unity/release' branch; Version is '2021.1.3f1c1 (3ff389b9352a) revision 4191113'; Using compiler version '192528614'; Build Type 'Release'
OS: 'Windows 10 Home; OS build 18363.1500; Version 1909; 64bit' Language: 'zh' Physical Memory: 7988 MB
BatchMode: 1, IsHumanControllingUs: 0, StartBugReporterOnCrash: 0, Is64bit: 1, IsPro: 0

 COMMAND LINE ARGUMENTS:
C:\Unity 2021.1.3f1c1\Editor\Unity.exe
-adb2
-batchMode
-noUpm
-name
AssetImportWorker9
-projectPath
C:/Users/14361/AliceInNeverland
-logFile
Logs/AssetImportWorker9.log
-srvPort
58302
Successfully changed project path to: C:/Users/14361/AliceInNeverland
C:/Users/14361/AliceInNeverland
Using Asset Import Pipeline V2.
Refreshing native plugins compatible for Editor in 304.06 ms, found 2 plugins.
Preloading 0 native plugins for Editor in 0.00 ms.
Initialize engine version: 2021.1.3f1c1 (3ff389b9352a)
[Subsystems] Discovering subsystems at path C:/Unity 2021.1.3f1c1/Editor/Data/Resources/UnitySubsystems
[Subsystems] Discovering subsystems at path C:/Users/14361/AliceInNeverland/Assets
GfxDevice: creating device client; threaded=0; jobified=0
Direct3D:
    Version:  Direct3D 11.0 [level 11.1]
    Renderer: NVIDIA GeForce RTX 2060 (ID=0x1f11)
    Vendor:   NVIDIA
    VRAM:     5980 MB
    Driver:   27.21.14.5687
Initialize mono
Mono path[0] = 'C:/Unity 2021.1.3f1c1/Editor/Data/Managed'
Mono path[1] = 'C:/Unity 2021.1.3f1c1/Editor/Data/MonoBleedingEdge/lib/mono/unityjit'
Mono config path = 'C:/Unity 2021.1.3f1c1/Editor/Data/MonoBleedingEdge/etc'
Using monoOptions --debugger-agent=transport=dt_socket,embedding=1,server=y,suspend=n,address=127.0.0.1:56520
Begin MonoManager ReloadAssembly
Registering precompiled unity dll's ...
Register platform support module: C:/Unity 2021.1.3f1c1/Editor/Data/PlaybackEngines/WindowsStandaloneSupport/UnityEditor.WindowsStandalone.Extensions.dll
Registered in 0.005988 seconds.
Native extension for WindowsStandalone target not found
Refreshing native plugins compatible for Editor in 307.57 ms, found 2 plugins.
Preloading 0 native plugins for Editor in 0.00 ms.
Mono: successfully reloaded assembly
- Completed reload, in  3.459 seconds
Platform modules already initialized, skipping
Registering precompiled user dll's ...
Registered in 0.016594 seconds.
Begin MonoManager ReloadAssembly
Native extension for WindowsStandalone target not found
Refreshing native plugins compatible for Editor in 347.29 ms, found 2 plugins.
Preloading 0 native plugins for Editor in 0.00 ms.
Mono: successfully reloaded assembly
- Completed reload, in  5.492 seconds
Platform modules already initialized, skipping
========================================================================
Worker process is ready to serve import requests
Launched and connected shader compiler UnityShaderCompiler.exe after 1.21 seconds
Refreshing native plugins compatible for Editor in 1.49 ms, found 2 plugins.
Preloading 0 native plugins for Editor in 0.00 ms.
Unloading 3387 Unused Serialized files (Serialized files now loaded: 0)
System memory in use before: 128.3 MB.
System memory in use after: 128.5 MB.

Unloading 24 unused Assets to reduce memory usage. Loaded Objects now: 3845.
Total: 3.957000 ms (FindLiveObjects: 0.396700 ms CreateObjectMapping: 0.217000 ms MarkObjects: 3.257900 ms  DeleteObjects: 0.083900 ms)

========================================================================
Received Import Request.
  path: Assets/Materials/CyberPunk
  artifactKey: Guid(d6e3914f1d7e06a43bbd862b8e822787) Importer(815301076,1909f56bfc062723c751e8b465ee728b)
Start importing Assets/Materials/CyberPunk using Guid(d6e3914f1d7e06a43bbd862b8e822787) Importer(815301076,1909f56bfc062723c751e8b465ee728b)  -> (artifact id: '644416c519aff70982643476b9c90fc3') in 0.013907 seconds 
========================================================================
Received Import Request.
  Time since last request: 78.765479 seconds.
  path: Assets/Materials/CyberPunk/scenes
  artifactKey: Guid(1c8bcc8309fdd4622a0a52d2322f9138) Importer(815301076,1909f56bfc062723c751e8b465ee728b)
Start importing Assets/Materials/CyberPunk/scenes using Guid(1c8bcc8309fdd4622a0a52d2322f9138) Importer(815301076,1909f56bfc062723c751e8b465ee728b)  -> (artifact id: '9d3501e65c228718b96039bd2f0582b9') in 0.028747 seconds 
========================================================================
Received Import Request.
  Time since last request: 2.157178 seconds.
  path: Assets/Materials/CyberPunk/cyberPunkArtwork
  artifactKey: Guid(b497c2e9e95644f68a37b8d1f69ac768) Importer(815301076,1909f56bfc062723c751e8b465ee728b)
Start importing Assets/Materials/CyberPunk/cyberPunkArtwork using Guid(b497c2e9e95644f68a37b8d1f69ac768) Importer(815301076,1909f56bfc062723c751e8b465ee728b)  -> (artifact id: '3557a37d8ef509287596e18af74023fd') in 0.005207 seconds 
========================================================================
Received Import Request.
  Time since last request: 30.536315 seconds.
  path: Assets/Materials/CyberPunk/cyberPunkArtwork/back-buildings.png
  artifactKey: Guid(3a4b9847928664b89af00f52efdf5b90) Importer(815301076,1909f56bfc062723c751e8b465ee728b)
Start importing Assets/Materials/CyberPunk/cyberPunkArtwork/back-buildings.png using Guid(3a4b9847928664b89af00f52efdf5b90) Importer(815301076,1909f56bfc062723c751e8b465ee728b)  -> (artifact id: 'abd8d766c75a1d2186511b161d599072') in 1.822020 seconds 
========================================================================
Received Import Request.
  Time since last request: 0.000788 seconds.
  path: Assets/Materials/CyberPunk/cyberPunkArtwork/far-buildings.png
  artifactKey: Guid(4616ea7ac03dc408f8ac4c1ce2106b2f) Importer(815301076,1909f56bfc062723c751e8b465ee728b)
Start importing Assets/Materials/CyberPunk/cyberPunkArtwork/far-buildings.png using Guid(4616ea7ac03dc408f8ac4c1ce2106b2f) Importer(815301076,1909f56bfc062723c751e8b465ee728b)  -> (artifact id: '9923bc8c3b3682a8fe8faf14d956979b') in 0.029732 seconds 
========================================================================
Received Import Request.
  Time since last request: 0.000761 seconds.
  path: Assets/Materials/CyberPunk/cyberPunkArtwork/foreground.png
  artifactKey: Guid(56e6f7504b3994bc189942af6b58001e) Importer(815301076,1909f56bfc062723c751e8b465ee728b)
Start importing Assets/Materials/CyberPunk/cyberPunkArtwork/foreground.png using Guid(56e6f7504b3994bc189942af6b58001e) Importer(815301076,1909f56bfc062723c751e8b465ee728b)  -> (artifact id: '1b2849e28d9d50146f9c9cb4f750f4a8') in 0.220930 seconds 
========================================================================
Received Import Request.
  Time since last request: 10.882974 seconds.
  path: Assets/Materials/CyberPunk/cyberPunkArtwork/Materials
  artifactKey: Guid(5fea5b37c474e4c4592cc6a58b130ecc) Importer(815301076,1909f56bfc062723c751e8b465ee728b)
Start importing Assets/Materials/CyberPunk/cyberPunkArtwork/Materials using Guid(5fea5b37c474e4c4592cc6a58b130ecc) Importer(815301076,1909f56bfc062723c751e8b465ee728b)  -> (artifact id: '964bbf4baef2fbd736bf84fc434d247d') in 0.022551 seconds 
========================================================================
Received Import Request.
  Time since last request: 0.006752 seconds.
  path: Assets/Materials/CyberPunk/cyberPunkArtwork/Materials/back-buildings.mat
  artifactKey: Guid(7b0bc611c89df4f79a049e38553b9345) Importer(815301076,1909f56bfc062723c751e8b465ee728b)
Start importing Assets/Materials/CyberPunk/cyberPunkArtwork/Materials/back-buildings.mat using Guid(7b0bc611c89df4f79a049e38553b9345) Importer(815301076,1909f56bfc062723c751e8b465ee728b)  -> (artifact id: '30aef3c25e0181e68f4717279e7afc34') in 1.139775 seconds 
========================================================================
Received Import Request.
  Time since last request: 0.000704 seconds.
  path: Assets/Materials/CyberPunk/cyberPunkArtwork/Materials/far-buildings.mat
  artifactKey: Guid(50e48fe306ea149a6b85d965311b623f) Importer(815301076,1909f56bfc062723c751e8b465ee728b)
Start importing Assets/Materials/CyberPunk/cyberPunkArtwork/Materials/far-buildings.mat using Guid(50e48fe306ea149a6b85d965311b623f) Importer(815301076,1909f56bfc062723c751e8b465ee728b)  -> (artifact id: '557d39de88f188ed07ce87175bfaa2f1') in 0.169284 seconds 
========================================================================
Received Import Request.
  Time since last request: 0.000775 seconds.
  path: Assets/Materials/CyberPunk/cyberPunkArtwork/Materials/foreground 1.mat
  artifactKey: Guid(e8bcc0221c99e4b338635aec7d6713c9) Importer(815301076,1909f56bfc062723c751e8b465ee728b)
Start importing Assets/Materials/CyberPunk/cyberPunkArtwork/Materials/foreground 1.mat using Guid(e8bcc0221c99e4b338635aec7d6713c9) Importer(815301076,1909f56bfc062723c751e8b465ee728b)  -> (artifact id: '6869e564ccc2ca534e50f43e36d2e71b') in 0.052363 seconds 
========================================================================
Received Import Request.
  Time since last request: 0.000706 seconds.
  path: Assets/Materials/CyberPunk/cyberPunkArtwork/Materials/foreground.mat
  artifactKey: Guid(37abe0bed80b74bc089d2cefd1f3e0e2) Importer(815301076,1909f56bfc062723c751e8b465ee728b)
Start importing Assets/Materials/CyberPunk/cyberPunkArtwork/Materials/foreground.mat using Guid(37abe0bed80b74bc089d2cefd1f3e0e2) Importer(815301076,1909f56bfc062723c751e8b465ee728b)  -> (artifact id: 'e0ec584585ea9e3569cad45d86c4eee5') in 0.058180 seconds 
========================================================================
Received Import Request.
  Time since last request: 10239.141834 seconds.
  path: Assets/Materials/Draw
  artifactKey: Guid(e80148c0731f0da4b9f58832babeb350) Importer(815301076,1909f56bfc062723c751e8b465ee728b)
Start importing Assets/Materials/Draw using Guid(e80148c0731f0da4b9f58832babeb350) Importer(815301076,1909f56bfc062723c751e8b465ee728b)  -> (artifact id: '1eba9025c7b76d485fd9f934a50047f8') in 0.131825 seconds 
========================================================================
Received Import Request.
  Time since last request: 28.307475 seconds.
  path: Assets/Materials/Draw/Alt-back-buildings.png
  artifactKey: Guid(a702444f2d12ef94094efe3f5e8d74bf) Importer(815301076,1909f56bfc062723c751e8b465ee728b)
Start importing Assets/Materials/Draw/Alt-back-buildings.png using Guid(a702444f2d12ef94094efe3f5e8d74bf) Importer(815301076,1909f56bfc062723c751e8b465ee728b)  -> (artifact id: '90a29c9369ec51d88404280fc3d04321') in 0.103865 seconds 
========================================================================
Received Import Request.
  Time since last request: 1.905340 seconds.
  path: Assets/Materials/Draw/Alt-far-buildingsu.png
  artifactKey: Guid(d04dae3b0a378d84880d52158c42a869) Importer(815301076,1909f56bfc062723c751e8b465ee728b)
Start importing Assets/Materials/Draw/Alt-far-buildingsu.png using Guid(d04dae3b0a378d84880d52158c42a869) Importer(815301076,1909f56bfc062723c751e8b465ee728b)  -> (artifact id: '1b6fbf613ecef6602627ebb5cc838415') in 0.098595 seconds 
========================================================================
Received Import Request.
  Time since last request: 1.834423 seconds.
  path: Assets/Materials/Draw/Alt-foreground.png
  artifactKey: Guid(ffb6b618ec2f5b3478713287788a6547) Importer(815301076,1909f56bfc062723c751e8b465ee728b)
Start importing Assets/Materials/Draw/Alt-foreground.png using Guid(ffb6b618ec2f5b3478713287788a6547) Importer(815301076,1909f56bfc062723c751e8b465ee728b)  -> (artifact id: 'de7711b72523cf4d57867f95e27ea071') in 0.090782 seconds 
========================================================================
Received Import Request.
  Time since last request: 3.076744 seconds.
  path: Assets/Materials/Draw/Gate.png
  artifactKey: Guid(7d24d24bb08fb234395e27f8b5e1a033) Importer(815301076,1909f56bfc062723c751e8b465ee728b)
Start importing Assets/Materials/Draw/Gate.png using Guid(7d24d24bb08fb234395e27f8b5e1a033) Importer(815301076,1909f56bfc062723c751e8b465ee728b)  -> (artifact id: '279c62daa61978f8ab12fcafef799f01') in 0.092903 seconds 
========================================================================
Received Import Request.
  Time since last request: 3.309062 seconds.
  path: Assets/Materials/Draw/Mirror.png
  artifactKey: Guid(51c5e95de636f7246a5c64e3bc177e8d) Importer(815301076,1909f56bfc062723c751e8b465ee728b)
Start importing Assets/Materials/Draw/Mirror.png using Guid(51c5e95de636f7246a5c64e3bc177e8d) Importer(815301076,1909f56bfc062723c751e8b465ee728b)  -> (artifact id: 'a09a6135edb39b2f7ab1414be88f06b2') in 0.076543 seconds 
========================================================================
Received Import Request.
  Time since last request: 13.192719 seconds.
  path: Assets/Materials/Draw/Gate.png
  artifactKey: Guid(7d24d24bb08fb234395e27f8b5e1a033) Importer(815301076,1909f56bfc062723c751e8b465ee728b)
Start importing Assets/Materials/Draw/Gate.png using Guid(7d24d24bb08fb234395e27f8b5e1a033) Importer(815301076,1909f56bfc062723c751e8b465ee728b)  -> (artifact id: '127c3679f66ef9b3057d797e75f41196') in 0.048792 seconds 
========================================================================
Received Import Request.
  Time since last request: 14.950321 seconds.
  path: Assets/Materials/Draw/Gate.png
  artifactKey: Guid(7d24d24bb08fb234395e27f8b5e1a033) Importer(815301076,1909f56bfc062723c751e8b465ee728b)
Start importing Assets/Materials/Draw/Gate.png using Guid(7d24d24bb08fb234395e27f8b5e1a033) Importer(815301076,1909f56bfc062723c751e8b465ee728b)  -> (artifact id: 'ab04a399ce1e748e784b991765fbbbea') in 0.028005 seconds 
========================================================================
Received Import Request.
  Time since last request: 95.633420 seconds.
  path: Assets/Materials/Draw/Gate.anim
  artifactKey: Guid(263ab430c5b89d44bb2d86360a721684) Importer(815301076,1909f56bfc062723c751e8b465ee728b)
Start importing Assets/Materials/Draw/Gate.anim using Guid(263ab430c5b89d44bb2d86360a721684) Importer(815301076,1909f56bfc062723c751e8b465ee728b)  -> (artifact id: '583662f1df8eb8269b5b01b167e08c41') in 0.015976 seconds 
========================================================================
Received Import Request.
  Time since last request: 622.718656 seconds.
  path: Assets/Scenes/Stage1.unity
  artifactKey: Guid(47a55b31b394beb4ab93bb53d81a30a3) Importer(815301076,1909f56bfc062723c751e8b465ee728b)
Start importing Assets/Scenes/Stage1.unity using Guid(47a55b31b394beb4ab93bb53d81a30a3) Importer(815301076,1909f56bfc062723c751e8b465ee728b)  -> (artifact id: 'ca9e1c2bc53f9cc40460c1fdc01d06a3') in 0.005022 seconds 
========================================================================
Received Import Request.
  Time since last request: 249.369902 seconds.
  path: Assets/Prepare/EnterDialog.prefab
  artifactKey: Guid(89c91a92bf3630f42b312711e521a33f) Importer(815301076,1909f56bfc062723c751e8b465ee728b)
Start importing Assets/Prepare/EnterDialog.prefab using Guid(89c91a92bf3630f42b312711e521a33f) Importer(815301076,1909f56bfc062723c751e8b465ee728b)  -> (artifact id: 'e28925671f28b7c5923663d8b2d1ca23') in 0.153823 seconds 
========================================================================
Received Import Request.
  Time since last request: 253.088194 seconds.
  path: Assets/Scenes/Stage0.unity
  artifactKey: Guid(2cda990e2423bbf4892e6590ba056729) Importer(815301076,1909f56bfc062723c751e8b465ee728b)
Start importing Assets/Scenes/Stage0.unity using Guid(2cda990e2423bbf4892e6590ba056729) Importer(815301076,1909f56bfc062723c751e8b465ee728b)  -> (artifact id: 'e6b274c8a8b76f747733c556e4a8b750') in 0.065241 seconds 
========================================================================
Received Import Request.
  Time since last request: 217.304920 seconds.
  path: Assets/Scenes/Stage1.unity
  artifactKey: Guid(47a55b31b394beb4ab93bb53d81a30a3) Importer(815301076,1909f56bfc062723c751e8b465ee728b)
Start importing Assets/Scenes/Stage1.unity using Guid(47a55b31b394beb4ab93bb53d81a30a3) Importer(815301076,1909f56bfc062723c751e8b465ee728b)  -> (artifact id: '27ff5e236a1f786c3608f762588baf4b') in 0.038368 seconds 
========================================================================
Received Import Request.
  Time since last request: 91.333219 seconds.
  path: Assets/Scenes/Stage2.unity
  artifactKey: Guid(f61f8c382b2e6964db41862b486886a8) Importer(815301076,1909f56bfc062723c751e8b465ee728b)
Start importing Assets/Scenes/Stage2.unity using Guid(f61f8c382b2e6964db41862b486886a8) Importer(815301076,1909f56bfc062723c751e8b465ee728b)  -> (artifact id: '30d4f45f000a6cb29cab8e5e844e35e6') in 0.004811 seconds 
========================================================================
Received Import Request.
  Time since last request: 95.450674 seconds.
  path: Assets/Materials/CyberPunk/cyberPunkArtwork/back-buildings.png
  artifactKey: Guid(3a4b9847928664b89af00f52efdf5b90) Importer(815301076,1909f56bfc062723c751e8b465ee728b)
Start importing Assets/Materials/CyberPunk/cyberPunkArtwork/back-buildings.png using Guid(3a4b9847928664b89af00f52efdf5b90) Importer(815301076,1909f56bfc062723c751e8b465ee728b)  -> (artifact id: '8566b352da55b0d449f9d86cef028776') in 0.077621 seconds 
========================================================================
Received Import Request.
  Time since last request: 10.647820 seconds.
  path: Assets/Materials/CyberPunk/cyberPunkArtwork/far-buildings.png
  artifactKey: Guid(4616ea7ac03dc408f8ac4c1ce2106b2f) Importer(815301076,1909f56bfc062723c751e8b465ee728b)
Start importing Assets/Materials/CyberPunk/cyberPunkArtwork/far-buildings.png using Guid(4616ea7ac03dc408f8ac4c1ce2106b2f) Importer(815301076,1909f56bfc062723c751e8b465ee728b)  -> (artifact id: '78897b4a78531a05c5abe87b37c9fc09') in 0.051879 seconds 
========================================================================
Received Import Request.
  Time since last request: 7.787185 seconds.
  path: Assets/Materials/CyberPunk/cyberPunkArtwork/foreground.png
  artifactKey: Guid(56e6f7504b3994bc189942af6b58001e) Importer(815301076,1909f56bfc062723c751e8b465ee728b)
Start importing Assets/Materials/CyberPunk/cyberPunkArtwork/foreground.png using Guid(56e6f7504b3994bc189942af6b58001e) Importer(815301076,1909f56bfc062723c751e8b465ee728b)  -> (artifact id: 'da838731bdab3a006c759dfdb6124703') in 0.279896 seconds 
========================================================================
Received Prepare
Registering precompiled user dll's ...
Registered in 0.004324 seconds.
Begin MonoManager ReloadAssembly
Native extension for WindowsStandalone target not found
Refreshing native plugins compatible for Editor in 0.64 ms, found 2 plugins.
Preloading 0 native plugins for Editor in 0.00 ms.
Mono: successfully reloaded assembly
- Completed reload, in  1.414 seconds
Platform modules already initialized, skipping
Refreshing native plugins compatible for Editor in 1.84 ms, found 2 plugins.
Preloading 0 native plugins for Editor in 0.00 ms.
Unloading 3385 Unused Serialized files (Serialized files now loaded: 0)
System memory in use before: 138.2 MB.
System memory in use after: 138.4 MB.

Unloading 13 unused Assets to reduce memory usage. Loaded Objects now: 4092.
Total: 2.729700 ms (FindLiveObjects: 0.363800 ms CreateObjectMapping: 0.184800 ms MarkObjects: 2.150900 ms  DeleteObjects: 0.029100 ms)

========================================================================
Received Prepare
Registering precompiled user dll's ...
Registered in 0.004476 seconds.
Begin MonoManager ReloadAssembly
Native extension for WindowsStandalone target not found
Refreshing native plugins compatible for Editor in 0.64 ms, found 2 plugins.
Preloading 0 native plugins for Editor in 0.00 ms.
Mono: successfully reloaded assembly
- Completed reload, in  0.961 seconds
Platform modules already initialized, skipping
Refreshing native plugins compatible for Editor in 0.65 ms, found 2 plugins.
Preloading 0 native plugins for Editor in 0.00 ms.
Unloading 3377 Unused Serialized files (Serialized files now loaded: 0)
System memory in use before: 137.9 MB.
System memory in use after: 138.2 MB.

Unloading 12 unused Assets to reduce memory usage. Loaded Objects now: 4096.
Total: 3.150000 ms (FindLiveObjects: 0.357600 ms CreateObjectMapping: 0.184300 ms MarkObjects: 2.569800 ms  DeleteObjects: 0.037100 ms)

========================================================================
Received Prepare
Registering precompiled user dll's ...
Registered in 0.004355 seconds.
Begin MonoManager ReloadAssembly
Native extension for WindowsStandalone target not found
Refreshing native plugins compatible for Editor in 0.62 ms, found 2 plugins.
Preloading 0 native plugins for Editor in 0.00 ms.
Mono: successfully reloaded assembly
- Completed reload, in  0.934 seconds
Platform modules already initialized, skipping
Refreshing native plugins compatible for Editor in 0.64 ms, found 2 plugins.
Preloading 0 native plugins for Editor in 0.00 ms.
Unloading 3377 Unused Serialized files (Serialized files now loaded: 0)
System memory in use before: 137.9 MB.
System memory in use after: 138.2 MB.

Unloading 12 unused Assets to reduce memory usage. Loaded Objects now: 4100.
Total: 2.426900 ms (FindLiveObjects: 0.327100 ms CreateObjectMapping: 0.154700 ms MarkObjects: 1.921100 ms  DeleteObjects: 0.023100 ms)

========================================================================
Received Prepare
Registering precompiled user dll's ...
Registered in 0.004344 seconds.
Begin MonoManager ReloadAssembly
Native extension for WindowsStandalone target not found
Refreshing native plugins compatible for Editor in 0.63 ms, found 2 plugins.
Preloading 0 native plugins for Editor in 0.00 ms.
Mono: successfully reloaded assembly
- Completed reload, in  0.934 seconds
Platform modules already initialized, skipping
Refreshing native plugins compatible for Editor in 0.71 ms, found 2 plugins.
Preloading 0 native plugins for Editor in 0.00 ms.
Unloading 3377 Unused Serialized files (Serialized files now loaded: 0)
System memory in use before: 138.0 MB.
System memory in use after: 138.2 MB.

Unloading 12 unused Assets to reduce memory usage. Loaded Objects now: 4104.
Total: 2.711400 ms (FindLiveObjects: 0.387600 ms CreateObjectMapping: 0.189800 ms MarkObjects: 2.109100 ms  DeleteObjects: 0.023900 ms)

========================================================================
Received Import Request.
  Time since last request: 970.168165 seconds.
  path: Assets/Scenes/Stage1.unity
  artifactKey: Guid(47a55b31b394beb4ab93bb53d81a30a3) Importer(815301076,1909f56bfc062723c751e8b465ee728b)
Start importing Assets/Scenes/Stage1.unity using Guid(47a55b31b394beb4ab93bb53d81a30a3) Importer(815301076,1909f56bfc062723c751e8b465ee728b)  -> (artifact id: '402f45794f3547a6039bd27410eaf1c1') in 0.823163 seconds 
========================================================================
Received Prepare
Registering precompiled user dll's ...
Registered in 0.004505 seconds.
Begin MonoManager ReloadAssembly
Native extension for WindowsStandalone target not found
Refreshing native plugins compatible for Editor in 0.61 ms, found 2 plugins.
Preloading 0 native plugins for Editor in 0.00 ms.
Mono: successfully reloaded assembly
- Completed reload, in  0.967 seconds
Platform modules already initialized, skipping
Refreshing native plugins compatible for Editor in 0.69 ms, found 2 plugins.
Preloading 0 native plugins for Editor in 0.00 ms.
Unloading 3377 Unused Serialized files (Serialized files now loaded: 0)
System memory in use before: 138.0 MB.
System memory in use after: 138.3 MB.

Unloading 12 unused Assets to reduce memory usage. Loaded Objects now: 4108.
Total: 7.300900 ms (FindLiveObjects: 0.763800 ms CreateObjectMapping: 0.445900 ms MarkObjects: 6.020800 ms  DeleteObjects: 0.067400 ms)

========================================================================
Received Import Request.
  Time since last request: 10.988146 seconds.
  path: Assets/Scenes/Stage2.unity
  artifactKey: Guid(f61f8c382b2e6964db41862b486886a8) Importer(815301076,1909f56bfc062723c751e8b465ee728b)
Start importing Assets/Scenes/Stage2.unity using Guid(f61f8c382b2e6964db41862b486886a8) Importer(815301076,1909f56bfc062723c751e8b465ee728b)  -> (artifact id: 'ac3d6a9f6be51f351143fdfd8eaf25e3') in 0.017217 seconds 
========================================================================
Received Prepare
Registering precompiled user dll's ...
Registered in 0.004445 seconds.
Begin MonoManager ReloadAssembly
Native extension for WindowsStandalone target not found
Refreshing native plugins compatible for Editor in 0.60 ms, found 2 plugins.
Preloading 0 native plugins for Editor in 0.00 ms.
Mono: successfully reloaded assembly
- Completed reload, in  0.929 seconds
Platform modules already initialized, skipping
Refreshing native plugins compatible for Editor in 0.61 ms, found 2 plugins.
Preloading 0 native plugins for Editor in 0.00 ms.
Unloading 3377 Unused Serialized files (Serialized files now loaded: 0)
System memory in use before: 138.0 MB.
System memory in use after: 138.3 MB.

Unloading 12 unused Assets to reduce memory usage. Loaded Objects now: 4112.
Total: 2.563700 ms (FindLiveObjects: 0.329600 ms CreateObjectMapping: 0.156900 ms MarkObjects: 2.052200 ms  DeleteObjects: 0.023800 ms)

========================================================================
Received Prepare
Registering precompiled user dll's ...
Registered in 0.004620 seconds.
Begin MonoManager ReloadAssembly
Native extension for WindowsStandalone target not found
Refreshing native plugins compatible for Editor in 0.69 ms, found 2 plugins.
Preloading 0 native plugins for Editor in 0.00 ms.
Mono: successfully reloaded assembly
- Completed reload, in  0.930 seconds
Platform modules already initialized, skipping
Refreshing native plugins compatible for Editor in 0.61 ms, found 2 plugins.
Preloading 0 native plugins for Editor in 0.00 ms.
Unloading 3377 Unused Serialized files (Serialized files now loaded: 0)
System memory in use before: 138.0 MB.
System memory in use after: 138.3 MB.

Unloading 12 unused Assets to reduce memory usage. Loaded Objects now: 4116.
Total: 2.374800 ms (FindLiveObjects: 0.329500 ms CreateObjectMapping: 0.139400 ms MarkObjects: 1.888900 ms  DeleteObjects: 0.016000 ms)

========================================================================
Received Import Request.
  Time since last request: 112.113761 seconds.
  path: Assets/Scenes/Stage1.unity
  artifactKey: Guid(47a55b31b394beb4ab93bb53d81a30a3) Importer(815301076,1909f56bfc062723c751e8b465ee728b)
Start importing Assets/Scenes/Stage1.unity using Guid(47a55b31b394beb4ab93bb53d81a30a3) Importer(815301076,1909f56bfc062723c751e8b465ee728b)  -> (artifact id: 'a225e73cc382582c399d4ac8538cfcbb') in 0.020012 seconds 
========================================================================
Received Prepare
Registering precompiled user dll's ...
Registered in 0.004376 seconds.
Begin MonoManager ReloadAssembly
Native extension for WindowsStandalone target not found
Refreshing native plugins compatible for Editor in 0.65 ms, found 2 plugins.
Preloading 0 native plugins for Editor in 0.00 ms.
Mono: successfully reloaded assembly
- Completed reload, in  0.948 seconds
Platform modules already initialized, skipping
Refreshing native plugins compatible for Editor in 0.78 ms, found 2 plugins.
Preloading 0 native plugins for Editor in 0.00 ms.
Unloading 3377 Unused Serialized files (Serialized files now loaded: 0)
System memory in use before: 138.1 MB.
System memory in use after: 138.3 MB.

Unloading 12 unused Assets to reduce memory usage. Loaded Objects now: 4120.
Total: 2.917700 ms (FindLiveObjects: 0.361400 ms CreateObjectMapping: 0.174400 ms MarkObjects: 2.354600 ms  DeleteObjects: 0.026100 ms)

========================================================================
Received Prepare
Registering precompiled user dll's ...
Registered in 0.004541 seconds.
Begin MonoManager ReloadAssembly
Native extension for WindowsStandalone target not found
Refreshing native plugins compatible for Editor in 0.64 ms, found 2 plugins.
Preloading 0 native plugins for Editor in 0.00 ms.
Mono: successfully reloaded assembly
- Completed reload, in  0.921 seconds
Platform modules already initialized, skipping
Refreshing native plugins compatible for Editor in 0.64 ms, found 2 plugins.
Preloading 0 native plugins for Editor in 0.00 ms.
Unloading 3377 Unused Serialized files (Serialized files now loaded: 0)
System memory in use before: 138.1 MB.
System memory in use after: 138.3 MB.

Unloading 12 unused Assets to reduce memory usage. Loaded Objects now: 4124.
Total: 2.545000 ms (FindLiveObjects: 0.324700 ms CreateObjectMapping: 0.128400 ms MarkObjects: 2.069600 ms  DeleteObjects: 0.021300 ms)

========================================================================
Received Import Request.
  Time since last request: 177.934021 seconds.
  path: Assets/Scenes/Stage1.unity
  artifactKey: Guid(47a55b31b394beb4ab93bb53d81a30a3) Importer(815301076,1909f56bfc062723c751e8b465ee728b)
Start importing Assets/Scenes/Stage1.unity using Guid(47a55b31b394beb4ab93bb53d81a30a3) Importer(815301076,1909f56bfc062723c751e8b465ee728b)  -> (artifact id: '20e5edf95e5247a56f79f078e10883ac') in 0.016636 seconds 
========================================================================
Received Import Request.
  Time since last request: 134.699138 seconds.
  path: Assets/Scenes/Stage1.unity
  artifactKey: Guid(47a55b31b394beb4ab93bb53d81a30a3) Importer(815301076,1909f56bfc062723c751e8b465ee728b)
Start importing Assets/Scenes/Stage1.unity using Guid(47a55b31b394beb4ab93bb53d81a30a3) Importer(815301076,1909f56bfc062723c751e8b465ee728b)  -> (artifact id: 'bb7d880738002f9c2b7acb358a19bb20') in 0.004064 seconds 
========================================================================
Received Prepare
Registering precompiled user dll's ...
Registered in 0.004684 seconds.
Begin MonoManager ReloadAssembly
Native extension for WindowsStandalone target not found
Refreshing native plugins compatible for Editor in 0.65 ms, found 2 plugins.
Preloading 0 native plugins for Editor in 0.00 ms.
Mono: successfully reloaded assembly
- Completed reload, in  0.930 seconds
Platform modules already initialized, skipping
Refreshing native plugins compatible for Editor in 0.67 ms, found 2 plugins.
Preloading 0 native plugins for Editor in 0.00 ms.
Unloading 3377 Unused Serialized files (Serialized files now loaded: 0)
System memory in use before: 138.1 MB.
System memory in use after: 138.3 MB.

Unloading 12 unused Assets to reduce memory usage. Loaded Objects now: 4128.
Total: 2.981100 ms (FindLiveObjects: 0.377200 ms CreateObjectMapping: 0.183600 ms MarkObjects: 2.388700 ms  DeleteObjects: 0.030400 ms)

========================================================================
Received Prepare
Registering precompiled user dll's ...
Registered in 0.004531 seconds.
Begin MonoManager ReloadAssembly
Native extension for WindowsStandalone target not found
Refreshing native plugins compatible for Editor in 0.63 ms, found 2 plugins.
Preloading 0 native plugins for Editor in 0.00 ms.
Mono: successfully reloaded assembly
- Completed reload, in  0.951 seconds
Platform modules already initialized, skipping
Refreshing native plugins compatible for Editor in 0.64 ms, found 2 plugins.
Preloading 0 native plugins for Editor in 0.00 ms.
Unloading 3377 Unused Serialized files (Serialized files now loaded: 0)
System memory in use before: 138.1 MB.
System memory in use after: 138.4 MB.

Unloading 12 unused Assets to reduce memory usage. Loaded Objects now: 4132.
Total: 2.507600 ms (FindLiveObjects: 0.322600 ms CreateObjectMapping: 0.132800 ms MarkObjects: 2.029900 ms  DeleteObjects: 0.021300 ms)

========================================================================
Received Import Request.
  Time since last request: 555.247233 seconds.
  path: Assets/Dialog/EnterDialog 1.controller
  artifactKey: Guid(f960cc7e1a3e1ca46bf6aff33819424e) Importer(815301076,1909f56bfc062723c751e8b465ee728b)
Start importing Assets/Dialog/EnterDialog 1.controller using Guid(f960cc7e1a3e1ca46bf6aff33819424e) Importer(815301076,1909f56bfc062723c751e8b465ee728b)  -> (artifact id: '9314f7d007f62f671a01f8e27fad88f0') in 0.017725 seconds 
========================================================================
Received Import Request.
  Time since last request: 0.693163 seconds.
  path: Assets/Dialog/EnterDialog.controller
  artifactKey: Guid(1a70cd21d223aef4d976b5288ef3336e) Importer(815301076,1909f56bfc062723c751e8b465ee728b)
Start importing Assets/Dialog/EnterDialog.controller using Guid(1a70cd21d223aef4d976b5288ef3336e) Importer(815301076,1909f56bfc062723c751e8b465ee728b)  -> (artifact id: '7e789f86bc797eb8778d74071813a92e') in 0.021797 seconds 
========================================================================
Received Import Request.
  Time since last request: 14.354065 seconds.
  path: Assets/Dialog/EnterDialog.controller
  artifactKey: Guid(f960cc7e1a3e1ca46bf6aff33819424e) Importer(815301076,1909f56bfc062723c751e8b465ee728b)
Start importing Assets/Dialog/EnterDialog.controller using Guid(f960cc7e1a3e1ca46bf6aff33819424e) Importer(815301076,1909f56bfc062723c751e8b465ee728b)  -> (artifact id: '7729bfa82412806b039f7cc095cc0541') in 0.003867 seconds 
========================================================================
Received Prepare
Registering precompiled user dll's ...
Registered in 0.004455 seconds.
Begin MonoManager ReloadAssembly
Native extension for WindowsStandalone target not found
Refreshing native plugins compatible for Editor in 0.63 ms, found 2 plugins.
Preloading 0 native plugins for Editor in 0.00 ms.
Mono: successfully reloaded assembly
- Completed reload, in  0.931 seconds
Platform modules already initialized, skipping
Refreshing native plugins compatible for Editor in 0.61 ms, found 2 plugins.
Preloading 0 native plugins for Editor in 0.00 ms.
Unloading 3377 Unused Serialized files (Serialized files now loaded: 0)
System memory in use before: 138.2 MB.
System memory in use after: 138.4 MB.

Unloading 12 unused Assets to reduce memory usage. Loaded Objects now: 4136.
Total: 2.359800 ms (FindLiveObjects: 0.306800 ms CreateObjectMapping: 0.144900 ms MarkObjects: 1.886100 ms  DeleteObjects: 0.021000 ms)

========================================================================
Received Import Request.
  Time since last request: 255.364528 seconds.
  path: Assets/Dialog/LeaveDialog.cs
  artifactKey: Guid(19587774a6f22f8469b450bd1f1f046a) Importer(815301076,1909f56bfc062723c751e8b465ee728b)
Start importing Assets/Dialog/LeaveDialog.cs using Guid(19587774a6f22f8469b450bd1f1f046a) Importer(815301076,1909f56bfc062723c751e8b465ee728b)  -> (artifact id: '29511f25c32a097163c2192fcd47d96e') in 0.078916 seconds 
========================================================================
Received Prepare
Registering precompiled user dll's ...
Registered in 0.004394 seconds.
Begin MonoManager ReloadAssembly
Native extension for WindowsStandalone target not found
Refreshing native plugins compatible for Editor in 0.65 ms, found 2 plugins.
Preloading 0 native plugins for Editor in 0.00 ms.
Mono: successfully reloaded assembly
- Completed reload, in  0.979 seconds
Platform modules already initialized, skipping
Refreshing native plugins compatible for Editor in 0.64 ms, found 2 plugins.
Preloading 0 native plugins for Editor in 0.00 ms.
Unloading 3378 Unused Serialized files (Serialized files now loaded: 0)
System memory in use before: 138.2 MB.
System memory in use after: 138.4 MB.

Unloading 12 unused Assets to reduce memory usage. Loaded Objects now: 4141.
Total: 2.553500 ms (FindLiveObjects: 0.332300 ms CreateObjectMapping: 0.160400 ms MarkObjects: 2.035200 ms  DeleteObjects: 0.024100 ms)

========================================================================
Received Import Request.
  Time since last request: 239.858524 seconds.
  path: Assets/Dialog/LeaveDialog.anim
  artifactKey: Guid(1bad720bc2dbfd741bfedb3c67af19f1) Importer(815301076,1909f56bfc062723c751e8b465ee728b)
Start importing Assets/Dialog/LeaveDialog.anim using Guid(1bad720bc2dbfd741bfedb3c67af19f1) Importer(815301076,1909f56bfc062723c751e8b465ee728b)  -> (artifact id: 'ac05f92940a303d2351f328dfcbbfe95') in 0.017651 seconds 
========================================================================
Received Prepare
Registering precompiled user dll's ...
Registered in 0.004502 seconds.
Begin MonoManager ReloadAssembly
Native extension for WindowsStandalone target not found
Refreshing native plugins compatible for Editor in 0.67 ms, found 2 plugins.
Preloading 0 native plugins for Editor in 0.00 ms.
Mono: successfully reloaded assembly
- Completed reload, in  0.990 seconds
Platform modules already initialized, skipping
Refreshing native plugins compatible for Editor in 0.60 ms, found 2 plugins.
Preloading 0 native plugins for Editor in 0.00 ms.
Unloading 3378 Unused Serialized files (Serialized files now loaded: 0)
System memory in use before: 138.2 MB.
System memory in use after: 138.4 MB.

Unloading 12 unused Assets to reduce memory usage. Loaded Objects now: 4145.
Total: 3.530800 ms (FindLiveObjects: 0.321000 ms CreateObjectMapping: 0.159900 ms MarkObjects: 3.018100 ms  DeleteObjects: 0.030800 ms)

========================================================================
Received Import Request.
  Time since last request: 797.547763 seconds.
  path: Assets/Dialog/EnterDialog.anim
  artifactKey: Guid(fa65597308894a949aecbbd9e356b6e4) Importer(815301076,1909f56bfc062723c751e8b465ee728b)
Start importing Assets/Dialog/EnterDialog.anim using Guid(fa65597308894a949aecbbd9e356b6e4) Importer(815301076,1909f56bfc062723c751e8b465ee728b)  -> (artifact id: '8ab9bf4f4e6dc9db01befa8389853053') in 0.033364 seconds 
========================================================================
Received Prepare
Registering precompiled user dll's ...
Registered in 0.004472 seconds.
Begin MonoManager ReloadAssembly
Native extension for WindowsStandalone target not found
Refreshing native plugins compatible for Editor in 0.64 ms, found 2 plugins.
Preloading 0 native plugins for Editor in 0.00 ms.
Mono: successfully reloaded assembly
- Completed reload, in  1.008 seconds
Platform modules already initialized, skipping
Refreshing native plugins compatible for Editor in 0.64 ms, found 2 plugins.
Preloading 0 native plugins for Editor in 0.00 ms.
Unloading 3378 Unused Serialized files (Serialized files now loaded: 0)
System memory in use before: 138.2 MB.
System memory in use after: 138.5 MB.

Unloading 12 unused Assets to reduce memory usage. Loaded Objects now: 4149.
Total: 2.440700 ms (FindLiveObjects: 0.337300 ms CreateObjectMapping: 0.165900 ms MarkObjects: 1.917000 ms  DeleteObjects: 0.019600 ms)

========================================================================
Received Import Request.
  Time since last request: 151.854987 seconds.
  path: Assets/Dialog/LeaveDialog.cs
  artifactKey: Guid(19587774a6f22f8469b450bd1f1f046a) Importer(815301076,1909f56bfc062723c751e8b465ee728b)
Start importing Assets/Dialog/LeaveDialog.cs using Guid(19587774a6f22f8469b450bd1f1f046a) Importer(815301076,1909f56bfc062723c751e8b465ee728b)  -> (artifact id: '39bad769e3974aa866790d61dee4d521') in 0.007173 seconds 
========================================================================
Received Prepare
Registering precompiled user dll's ...
Registered in 0.004481 seconds.
Begin MonoManager ReloadAssembly
Native extension for WindowsStandalone target not found
Refreshing native plugins compatible for Editor in 0.97 ms, found 2 plugins.
Preloading 0 native plugins for Editor in 0.00 ms.
Mono: successfully reloaded assembly
- Completed reload, in  1.041 seconds
Platform modules already initialized, skipping
Refreshing native plugins compatible for Editor in 0.62 ms, found 2 plugins.
Preloading 0 native plugins for Editor in 0.00 ms.
Unloading 3377 Unused Serialized files (Serialized files now loaded: 0)
System memory in use before: 138.2 MB.
System memory in use after: 138.5 MB.

Unloading 13 unused Assets to reduce memory usage. Loaded Objects now: 4152.
Total: 2.651900 ms (FindLiveObjects: 0.320500 ms CreateObjectMapping: 0.135300 ms MarkObjects: 2.175600 ms  DeleteObjects: 0.019400 ms)

========================================================================
Received Prepare
Registering precompiled user dll's ...
Registered in 0.004677 seconds.
Begin MonoManager ReloadAssembly
Native extension for WindowsStandalone target not found
Refreshing native plugins compatible for Editor in 0.66 ms, found 2 plugins.
Preloading 0 native plugins for Editor in 0.00 ms.
Mono: successfully reloaded assembly
- Completed reload, in  1.032 seconds
Platform modules already initialized, skipping
Refreshing native plugins compatible for Editor in 0.61 ms, found 2 plugins.
Preloading 0 native plugins for Editor in 0.00 ms.
Unloading 3377 Unused Serialized files (Serialized files now loaded: 0)
System memory in use before: 138.2 MB.
System memory in use after: 138.5 MB.

Unloading 12 unused Assets to reduce memory usage. Loaded Objects now: 4156.
Total: 2.761700 ms (FindLiveObjects: 0.311700 ms CreateObjectMapping: 0.153800 ms MarkObjects: 2.271100 ms  DeleteObjects: 0.024000 ms)

========================================================================
Received Prepare
Registering precompiled user dll's ...
Registered in 0.006153 seconds.
Begin MonoManager ReloadAssembly
Native extension for WindowsStandalone target not found
Refreshing native plugins compatible for Editor in 0.61 ms, found 2 plugins.
Preloading 0 native plugins for Editor in 0.00 ms.
Mono: successfully reloaded assembly
- Completed reload, in  0.963 seconds
Platform modules already initialized, skipping
Refreshing native plugins compatible for Editor in 1.04 ms, found 2 plugins.
Preloading 0 native plugins for Editor in 0.00 ms.
Unloading 3377 Unused Serialized files (Serialized files now loaded: 0)
System memory in use before: 138.2 MB.
System memory in use after: 138.5 MB.

Unloading 12 unused Assets to reduce memory usage. Loaded Objects now: 4160.
Total: 2.664200 ms (FindLiveObjects: 0.371800 ms CreateObjectMapping: 0.200500 ms MarkObjects: 2.067000 ms  DeleteObjects: 0.024000 ms)

========================================================================
Received Import Request.
  Time since last request: 207.323297 seconds.
  path: Assets/Dialog/EnterDialog.cs
  artifactKey: Guid(9120a202462dc124dbc528aa7b3c85c4) Importer(815301076,1909f56bfc062723c751e8b465ee728b)
Start importing Assets/Dialog/EnterDialog.cs using Guid(9120a202462dc124dbc528aa7b3c85c4) Importer(815301076,1909f56bfc062723c751e8b465ee728b)  -> (artifact id: 'dca32170066d64fc1ab441cb19c21971') in 0.008109 seconds 
========================================================================
Received Prepare
Registering precompiled user dll's ...
Registered in 0.004360 seconds.
Begin MonoManager ReloadAssembly
Native extension for WindowsStandalone target not found
Refreshing native plugins compatible for Editor in 0.63 ms, found 2 plugins.
Preloading 0 native plugins for Editor in 0.00 ms.
Mono: successfully reloaded assembly
- Completed reload, in  0.987 seconds
Platform modules already initialized, skipping
Refreshing native plugins compatible for Editor in 0.62 ms, found 2 plugins.
Preloading 0 native plugins for Editor in 0.00 ms.
Unloading 3377 Unused Serialized files (Serialized files now loaded: 0)
System memory in use before: 138.2 MB.
System memory in use after: 138.5 MB.

Unloading 12 unused Assets to reduce memory usage. Loaded Objects now: 4164.
Total: 2.936400 ms (FindLiveObjects: 0.462900 ms CreateObjectMapping: 0.272000 ms MarkObjects: 2.177300 ms  DeleteObjects: 0.023000 ms)

========================================================================
Received Prepare
Registering precompiled user dll's ...
Registered in 0.004334 seconds.
Begin MonoManager ReloadAssembly
Native extension for WindowsStandalone target not found
Refreshing native plugins compatible for Editor in 0.64 ms, found 2 plugins.
Preloading 0 native plugins for Editor in 0.00 ms.
Mono: successfully reloaded assembly
- Completed reload, in  0.961 seconds
Platform modules already initialized, skipping
Refreshing native plugins compatible for Editor in 0.65 ms, found 2 plugins.
Preloading 0 native plugins for Editor in 0.00 ms.
Unloading 3377 Unused Serialized files (Serialized files now loaded: 0)
System memory in use before: 138.2 MB.
System memory in use after: 138.5 MB.

Unloading 12 unused Assets to reduce memory usage. Loaded Objects now: 4168.
Total: 2.494400 ms (FindLiveObjects: 0.307700 ms CreateObjectMapping: 0.150800 ms MarkObjects: 2.011800 ms  DeleteObjects: 0.023400 ms)

========================================================================
Received Prepare
Registering precompiled user dll's ...
Registered in 0.004438 seconds.
Begin MonoManager ReloadAssembly
Native extension for WindowsStandalone target not found
Refreshing native plugins compatible for Editor in 0.67 ms, found 2 plugins.
Preloading 0 native plugins for Editor in 0.00 ms.
Mono: successfully reloaded assembly
- Completed reload, in  0.957 seconds
Platform modules already initialized, skipping
Refreshing native plugins compatible for Editor in 0.86 ms, found 2 plugins.
Preloading 0 native plugins for Editor in 0.00 ms.
Unloading 3377 Unused Serialized files (Serialized files now loaded: 0)
System memory in use before: 138.3 MB.
System memory in use after: 138.5 MB.

Unloading 12 unused Assets to reduce memory usage. Loaded Objects now: 4172.
Total: 6.425700 ms (FindLiveObjects: 0.699600 ms CreateObjectMapping: 0.424900 ms MarkObjects: 5.238000 ms  DeleteObjects: 0.060400 ms)

========================================================================
Received Prepare
Registering precompiled user dll's ...
Registered in 0.005428 seconds.
Begin MonoManager ReloadAssembly
Native extension for WindowsStandalone target not found
Refreshing native plugins compatible for Editor in 0.65 ms, found 2 plugins.
Preloading 0 native plugins for Editor in 0.00 ms.
Mono: successfully reloaded assembly
- Completed reload, in  1.121 seconds
Platform modules already initialized, skipping
Refreshing native plugins compatible for Editor in 0.93 ms, found 2 plugins.
Preloading 0 native plugins for Editor in 0.00 ms.
Unloading 3377 Unused Serialized files (Serialized files now loaded: 0)
System memory in use before: 138.3 MB.
System memory in use after: 138.5 MB.

Unloading 12 unused Assets to reduce memory usage. Loaded Objects now: 4176.
Total: 3.885900 ms (FindLiveObjects: 0.370700 ms CreateObjectMapping: 0.170100 ms MarkObjects: 3.265000 ms  DeleteObjects: 0.077000 ms)

========================================================================
Received Prepare
Registering precompiled user dll's ...
Registered in 0.004677 seconds.
Begin MonoManager ReloadAssembly
Native extension for WindowsStandalone target not found
Refreshing native plugins compatible for Editor in 0.66 ms, found 2 plugins.
Preloading 0 native plugins for Editor in 0.00 ms.
Mono: successfully reloaded assembly
- Completed reload, in  2.294 seconds
Platform modules already initialized, skipping
Refreshing native plugins compatible for Editor in 0.80 ms, found 2 plugins.
Preloading 0 native plugins for Editor in 0.00 ms.
Unloading 3377 Unused Serialized files (Serialized files now loaded: 0)
System memory in use before: 138.3 MB.
System memory in use after: 138.5 MB.

Unloading 12 unused Assets to reduce memory usage. Loaded Objects now: 4180.
Total: 4.114500 ms (FindLiveObjects: 0.788700 ms CreateObjectMapping: 0.449500 ms MarkObjects: 2.854000 ms  DeleteObjects: 0.020500 ms)

========================================================================
Received Prepare
Registering precompiled user dll's ...
Registered in 0.004421 seconds.
Begin MonoManager ReloadAssembly
Native extension for WindowsStandalone target not found
Refreshing native plugins compatible for Editor in 0.71 ms, found 2 plugins.
Preloading 0 native plugins for Editor in 0.00 ms.
Mono: successfully reloaded assembly
- Completed reload, in  1.589 seconds
Platform modules already initialized, skipping
Refreshing native plugins compatible for Editor in 0.61 ms, found 2 plugins.
Preloading 0 native plugins for Editor in 0.00 ms.
Unloading 3377 Unused Serialized files (Serialized files now loaded: 0)
System memory in use before: 138.3 MB.
System memory in use after: 138.5 MB.

Unloading 12 unused Assets to reduce memory usage. Loaded Objects now: 4184.
Total: 2.719100 ms (FindLiveObjects: 0.444400 ms CreateObjectMapping: 0.247300 ms MarkObjects: 2.002900 ms  DeleteObjects: 0.023500 ms)

========================================================================
Received Prepare
Registering precompiled user dll's ...
Registered in 0.004416 seconds.
Begin MonoManager ReloadAssembly
Native extension for WindowsStandalone target not found
Refreshing native plugins compatible for Editor in 0.62 ms, found 2 plugins.
Preloading 0 native plugins for Editor in 0.00 ms.
Mono: successfully reloaded assembly
- Completed reload, in  0.982 seconds
Platform modules already initialized, skipping
Refreshing native plugins compatible for Editor in 0.61 ms, found 2 plugins.
Preloading 0 native plugins for Editor in 0.00 ms.
Unloading 3377 Unused Serialized files (Serialized files now loaded: 0)
System memory in use before: 138.3 MB.
System memory in use after: 138.5 MB.

Unloading 12 unused Assets to reduce memory usage. Loaded Objects now: 4188.
Total: 2.512900 ms (FindLiveObjects: 0.338900 ms CreateObjectMapping: 0.173700 ms MarkObjects: 1.980400 ms  DeleteObjects: 0.018500 ms)

========================================================================
Received Prepare
Registering precompiled user dll's ...
Registered in 0.004352 seconds.
Begin MonoManager ReloadAssembly
Native extension for WindowsStandalone target not found
Refreshing native plugins compatible for Editor in 0.66 ms, found 2 plugins.
Preloading 0 native plugins for Editor in 0.00 ms.
Mono: successfully reloaded assembly
- Completed reload, in  0.964 seconds
Platform modules already initialized, skipping
Refreshing native plugins compatible for Editor in 0.63 ms, found 2 plugins.
Preloading 0 native plugins for Editor in 0.00 ms.
Unloading 3377 Unused Serialized files (Serialized files now loaded: 0)
System memory in use before: 138.3 MB.
System memory in use after: 138.5 MB.

Unloading 12 unused Assets to reduce memory usage. Loaded Objects now: 4192.
Total: 3.287200 ms (FindLiveObjects: 0.555100 ms CreateObjectMapping: 0.219100 ms MarkObjects: 2.485500 ms  DeleteObjects: 0.025700 ms)

========================================================================
Received Prepare
Registering precompiled user dll's ...
Registered in 0.004439 seconds.
Begin MonoManager ReloadAssembly
Native extension for WindowsStandalone target not found
Refreshing native plugins compatible for Editor in 0.61 ms, found 2 plugins.
Preloading 0 native plugins for Editor in 0.00 ms.
Mono: successfully reloaded assembly
- Completed reload, in  0.946 seconds
Platform modules already initialized, skipping
Refreshing native plugins compatible for Editor in 0.63 ms, found 2 plugins.
Preloading 0 native plugins for Editor in 0.00 ms.
Unloading 3377 Unused Serialized files (Serialized files now loaded: 0)
System memory in use before: 138.4 MB.
System memory in use after: 138.6 MB.

Unloading 12 unused Assets to reduce memory usage. Loaded Objects now: 4196.
Total: 2.898100 ms (FindLiveObjects: 0.383700 ms CreateObjectMapping: 0.169400 ms MarkObjects: 2.319400 ms  DeleteObjects: 0.024700 ms)

========================================================================
Received Prepare
Registering precompiled user dll's ...
Registered in 0.004458 seconds.
Begin MonoManager ReloadAssembly
Native extension for WindowsStandalone target not found
Refreshing native plugins compatible for Editor in 0.63 ms, found 2 plugins.
Preloading 0 native plugins for Editor in 0.00 ms.
Mono: successfully reloaded assembly
- Completed reload, in  1.029 seconds
Platform modules already initialized, skipping
Refreshing native plugins compatible for Editor in 0.61 ms, found 2 plugins.
Preloading 0 native plugins for Editor in 0.00 ms.
Unloading 3377 Unused Serialized files (Serialized files now loaded: 0)
System memory in use before: 138.4 MB.
System memory in use after: 138.7 MB.

Unloading 12 unused Assets to reduce memory usage. Loaded Objects now: 4200.
Total: 2.649400 ms (FindLiveObjects: 0.542100 ms CreateObjectMapping: 0.177400 ms MarkObjects: 1.906300 ms  DeleteObjects: 0.022600 ms)

========================================================================
Received Prepare
Registering precompiled user dll's ...
Registered in 0.004360 seconds.
Begin MonoManager ReloadAssembly
Native extension for WindowsStandalone target not found
Refreshing native plugins compatible for Editor in 0.62 ms, found 2 plugins.
Preloading 0 native plugins for Editor in 0.00 ms.
Mono: successfully reloaded assembly
- Completed reload, in  1.004 seconds
Platform modules already initialized, skipping
Refreshing native plugins compatible for Editor in 0.61 ms, found 2 plugins.
Preloading 0 native plugins for Editor in 0.00 ms.
Unloading 3377 Unused Serialized files (Serialized files now loaded: 0)
System memory in use before: 138.4 MB.
System memory in use after: 138.7 MB.

Unloading 12 unused Assets to reduce memory usage. Loaded Objects now: 4204.
Total: 2.493500 ms (FindLiveObjects: 0.330100 ms CreateObjectMapping: 0.144800 ms MarkObjects: 1.994300 ms  DeleteObjects: 0.023500 ms)

========================================================================
Received Prepare
Registering precompiled user dll's ...
Registered in 0.004342 seconds.
Begin MonoManager ReloadAssembly
Native extension for WindowsStandalone target not found
Refreshing native plugins compatible for Editor in 0.76 ms, found 2 plugins.
Preloading 0 native plugins for Editor in 0.00 ms.
Mono: successfully reloaded assembly
- Completed reload, in  1.006 seconds
Platform modules already initialized, skipping
Refreshing native plugins compatible for Editor in 0.62 ms, found 2 plugins.
Preloading 0 native plugins for Editor in 0.00 ms.
Unloading 3377 Unused Serialized files (Serialized files now loaded: 0)
System memory in use before: 138.4 MB.
System memory in use after: 138.7 MB.

Unloading 12 unused Assets to reduce memory usage. Loaded Objects now: 4208.
Total: 5.925400 ms (FindLiveObjects: 0.753100 ms CreateObjectMapping: 0.437800 ms MarkObjects: 4.684700 ms  DeleteObjects: 0.047600 ms)

========================================================================
Received Prepare
Registering precompiled user dll's ...
Registered in 0.004622 seconds.
Begin MonoManager ReloadAssembly
Native extension for WindowsStandalone target not found
Refreshing native plugins compatible for Editor in 0.99 ms, found 2 plugins.
Preloading 0 native plugins for Editor in 0.00 ms.
Mono: successfully reloaded assembly
- Completed reload, in  0.952 seconds
Platform modules already initialized, skipping
Refreshing native plugins compatible for Editor in 0.61 ms, found 2 plugins.
Preloading 0 native plugins for Editor in 0.00 ms.
Unloading 3377 Unused Serialized files (Serialized files now loaded: 0)
System memory in use before: 138.4 MB.
System memory in use after: 138.7 MB.

Unloading 12 unused Assets to reduce memory usage. Loaded Objects now: 4212.
Total: 2.600900 ms (FindLiveObjects: 0.356500 ms CreateObjectMapping: 0.193800 ms MarkObjects: 2.023600 ms  DeleteObjects: 0.025800 ms)

========================================================================
Received Prepare
Registering precompiled user dll's ...
Registered in 0.004520 seconds.
Begin MonoManager ReloadAssembly
Native extension for WindowsStandalone target not found
Refreshing native plugins compatible for Editor in 0.62 ms, found 2 plugins.
Preloading 0 native plugins for Editor in 0.00 ms.
Mono: successfully reloaded assembly
- Completed reload, in  0.966 seconds
Platform modules already initialized, skipping
Refreshing native plugins compatible for Editor in 0.62 ms, found 2 plugins.
Preloading 0 native plugins for Editor in 0.00 ms.
Unloading 3377 Unused Serialized files (Serialized files now loaded: 0)
System memory in use before: 138.5 MB.
System memory in use after: 138.7 MB.

Unloading 12 unused Assets to reduce memory usage. Loaded Objects now: 4216.
Total: 2.965600 ms (FindLiveObjects: 0.353500 ms CreateObjectMapping: 0.139500 ms MarkObjects: 2.452400 ms  DeleteObjects: 0.019100 ms)

========================================================================
Received Prepare
Registering precompiled user dll's ...
Registered in 0.004297 seconds.
Begin MonoManager ReloadAssembly
Native extension for WindowsStandalone target not found
Refreshing native plugins compatible for Editor in 0.63 ms, found 2 plugins.
Preloading 0 native plugins for Editor in 0.00 ms.
Mono: successfully reloaded assembly
- Completed reload, in  0.975 seconds
Platform modules already initialized, skipping
Refreshing native plugins compatible for Editor in 0.76 ms, found 2 plugins.
Preloading 0 native plugins for Editor in 0.00 ms.
Unloading 3377 Unused Serialized files (Serialized files now loaded: 0)
System memory in use before: 138.5 MB.
System memory in use after: 138.7 MB.

Unloading 12 unused Assets to reduce memory usage. Loaded Objects now: 4220.
Total: 2.953200 ms (FindLiveObjects: 0.466000 ms CreateObjectMapping: 0.192100 ms MarkObjects: 2.271200 ms  DeleteObjects: 0.022900 ms)

========================================================================
Received Prepare
Registering precompiled user dll's ...
Registered in 0.004251 seconds.
Begin MonoManager ReloadAssembly
Native extension for WindowsStandalone target not found
Refreshing native plugins compatible for Editor in 0.61 ms, found 2 plugins.
Preloading 0 native plugins for Editor in 0.00 ms.
Mono: successfully reloaded assembly
- Completed reload, in  0.920 seconds
Platform modules already initialized, skipping
Refreshing native plugins compatible for Editor in 0.60 ms, found 2 plugins.
Preloading 0 native plugins for Editor in 0.00 ms.
Unloading 3377 Unused Serialized files (Serialized files now loaded: 0)
System memory in use before: 138.5 MB.
System memory in use after: 138.7 MB.

Unloading 12 unused Assets to reduce memory usage. Loaded Objects now: 4224.
Total: 2.453300 ms (FindLiveObjects: 0.319000 ms CreateObjectMapping: 0.120800 ms MarkObjects: 1.994400 ms  DeleteObjects: 0.018000 ms)

========================================================================
Received Import Request.
  Time since last request: 1264.941992 seconds.
  path: Assets/Scenes/Stage0.unity
  artifactKey: Guid(2cda990e2423bbf4892e6590ba056729) Importer(815301076,1909f56bfc062723c751e8b465ee728b)
Start importing Assets/Scenes/Stage0.unity using Guid(2cda990e2423bbf4892e6590ba056729) Importer(815301076,1909f56bfc062723c751e8b465ee728b)  -> (artifact id: '5b78231241483575d6694a35d47dab31') in 0.017218 seconds 
========================================================================
Received Import Request.
  Time since last request: 17.944901 seconds.
  path: Assets/Prepare/Canvas.prefab
  artifactKey: Guid(74e89b41e03ff0b45b75d86adcc6ca92) Importer(815301076,1909f56bfc062723c751e8b465ee728b)
Start importing Assets/Prepare/Canvas.prefab using Guid(74e89b41e03ff0b45b75d86adcc6ca92) Importer(815301076,1909f56bfc062723c751e8b465ee728b)  -> (artifact id: '220c61c7699af6592480510ea211b769') in 0.068034 seconds 
========================================================================
Received Prepare
Registering precompiled user dll's ...
Registered in 0.004541 seconds.
Begin MonoManager ReloadAssembly
Native extension for WindowsStandalone target not found
Refreshing native plugins compatible for Editor in 0.61 ms, found 2 plugins.
Preloading 0 native plugins for Editor in 0.00 ms.
Mono: successfully reloaded assembly
- Completed reload, in  0.917 seconds
Platform modules already initialized, skipping
Refreshing native plugins compatible for Editor in 0.99 ms, found 2 plugins.
Preloading 0 native plugins for Editor in 0.00 ms.
Unloading 3377 Unused Serialized files (Serialized files now loaded: 0)
System memory in use before: 138.5 MB.
System memory in use after: 138.7 MB.

Unloading 13 unused Assets to reduce memory usage. Loaded Objects now: 4228.
Total: 2.824400 ms (FindLiveObjects: 0.358400 ms CreateObjectMapping: 0.181700 ms MarkObjects: 2.256300 ms  DeleteObjects: 0.026900 ms)

========================================================================
Received Prepare
Registering precompiled user dll's ...
Registered in 0.004405 seconds.
Begin MonoManager ReloadAssembly
Native extension for WindowsStandalone target not found
Refreshing native plugins compatible for Editor in 0.65 ms, found 2 plugins.
Preloading 0 native plugins for Editor in 0.00 ms.
Mono: successfully reloaded assembly
- Completed reload, in  1.025 seconds
Platform modules already initialized, skipping
Refreshing native plugins compatible for Editor in 0.75 ms, found 2 plugins.
Preloading 0 native plugins for Editor in 0.00 ms.
Unloading 3377 Unused Serialized files (Serialized files now loaded: 0)
System memory in use before: 138.5 MB.
System memory in use after: 138.7 MB.

Unloading 12 unused Assets to reduce memory usage. Loaded Objects now: 4232.
Total: 2.792800 ms (FindLiveObjects: 0.350800 ms CreateObjectMapping: 0.181400 ms MarkObjects: 2.239300 ms  DeleteObjects: 0.020200 ms)

========================================================================
Received Import Request.
  Time since last request: 398.214393 seconds.
  path: Assets/Scenes/Stage2.unity
  artifactKey: Guid(f61f8c382b2e6964db41862b486886a8) Importer(815301076,1909f56bfc062723c751e8b465ee728b)
Start importing Assets/Scenes/Stage2.unity using Guid(f61f8c382b2e6964db41862b486886a8) Importer(815301076,1909f56bfc062723c751e8b465ee728b)  -> (artifact id: 'e77002ae4cc725b320c471de59f7d0ee') in 0.016719 seconds 
========================================================================
Received Prepare
Registering precompiled user dll's ...
Registered in 0.004881 seconds.
Begin MonoManager ReloadAssembly
Native extension for WindowsStandalone target not found
Refreshing native plugins compatible for Editor in 0.63 ms, found 2 plugins.
Preloading 0 native plugins for Editor in 0.00 ms.
Mono: successfully reloaded assembly
- Completed reload, in  0.933 seconds
Platform modules already initialized, skipping
Refreshing native plugins compatible for Editor in 0.62 ms, found 2 plugins.
Preloading 0 native plugins for Editor in 0.00 ms.
Unloading 3377 Unused Serialized files (Serialized files now loaded: 0)
System memory in use before: 138.5 MB.
System memory in use after: 138.8 MB.

Unloading 12 unused Assets to reduce memory usage. Loaded Objects now: 4236.
Total: 2.718300 ms (FindLiveObjects: 0.425300 ms CreateObjectMapping: 0.209300 ms MarkObjects: 2.063900 ms  DeleteObjects: 0.018600 ms)

========================================================================
Received Import Request.
  Time since last request: 8.881506 seconds.
  path: Assets/Scenes/Stage0.unity
  artifactKey: Guid(2cda990e2423bbf4892e6590ba056729) Importer(815301076,1909f56bfc062723c751e8b465ee728b)
Start importing Assets/Scenes/Stage0.unity using Guid(2cda990e2423bbf4892e6590ba056729) Importer(815301076,1909f56bfc062723c751e8b465ee728b)  -> (artifact id: 'ab3f586f43b8055208557ad08bb1ab71') in 0.014245 seconds 
========================================================================
Received Import Request.
  Time since last request: 24.826040 seconds.
  path: Assets/Camera/Parallax.cs
  artifactKey: Guid(bfc0e237255dcd340897f3c9d3af7664) Importer(815301076,1909f56bfc062723c751e8b465ee728b)
Start importing Assets/Camera/Parallax.cs using Guid(bfc0e237255dcd340897f3c9d3af7664) Importer(815301076,1909f56bfc062723c751e8b465ee728b)  -> (artifact id: 'e21f929cd71bffe8ee9bf03e13f3ca37') in 0.066619 seconds 
========================================================================
Received Import Request.
  Time since last request: 8.837481 seconds.
  path: Assets/Scenes/Stage1.unity
  artifactKey: Guid(47a55b31b394beb4ab93bb53d81a30a3) Importer(815301076,1909f56bfc062723c751e8b465ee728b)
Start importing Assets/Scenes/Stage1.unity using Guid(47a55b31b394beb4ab93bb53d81a30a3) Importer(815301076,1909f56bfc062723c751e8b465ee728b)  -> (artifact id: '42043c065872220bf9ef2c06c05399e3') in 0.004112 seconds 
========================================================================
Received Prepare
Registering precompiled user dll's ...
Registered in 0.004547 seconds.
Begin MonoManager ReloadAssembly
Native extension for WindowsStandalone target not found
Refreshing native plugins compatible for Editor in 0.61 ms, found 2 plugins.
Preloading 0 native plugins for Editor in 0.00 ms.
Mono: successfully reloaded assembly
- Completed reload, in  0.925 seconds
Platform modules already initialized, skipping
Refreshing native plugins compatible for Editor in 0.61 ms, found 2 plugins.
Preloading 0 native plugins for Editor in 0.00 ms.
Unloading 3377 Unused Serialized files (Serialized files now loaded: 0)
System memory in use before: 138.7 MB.
System memory in use after: 138.9 MB.

Unloading 12 unused Assets to reduce memory usage. Loaded Objects now: 4240.
Total: 4.739200 ms (FindLiveObjects: 0.551700 ms CreateObjectMapping: 0.290100 ms MarkObjects: 3.860000 ms  DeleteObjects: 0.035600 ms)

========================================================================
Received Prepare
Registering precompiled user dll's ...
Registered in 0.004390 seconds.
Begin MonoManager ReloadAssembly
Native extension for WindowsStandalone target not found
Refreshing native plugins compatible for Editor in 0.63 ms, found 2 plugins.
Preloading 0 native plugins for Editor in 0.00 ms.
Mono: successfully reloaded assembly
- Completed reload, in  0.924 seconds
Platform modules already initialized, skipping
Refreshing native plugins compatible for Editor in 0.64 ms, found 2 plugins.
Preloading 0 native plugins for Editor in 0.00 ms.
Unloading 3377 Unused Serialized files (Serialized files now loaded: 0)
System memory in use before: 138.7 MB.
System memory in use after: 138.9 MB.

Unloading 12 unused Assets to reduce memory usage. Loaded Objects now: 4244.
Total: 2.666100 ms (FindLiveObjects: 0.336200 ms CreateObjectMapping: 0.160600 ms MarkObjects: 2.133900 ms  DeleteObjects: 0.033800 ms)

========================================================================
Received Prepare
Registering precompiled user dll's ...
Registered in 0.004451 seconds.
Begin MonoManager ReloadAssembly
Native extension for WindowsStandalone target not found
Refreshing native plugins compatible for Editor in 0.61 ms, found 2 plugins.
Preloading 0 native plugins for Editor in 0.00 ms.
Mono: successfully reloaded assembly
- Completed reload, in  0.940 seconds
Platform modules already initialized, skipping
Refreshing native plugins compatible for Editor in 0.65 ms, found 2 plugins.
Preloading 0 native plugins for Editor in 0.00 ms.
Unloading 3377 Unused Serialized files (Serialized files now loaded: 0)
System memory in use before: 138.7 MB.
System memory in use after: 138.9 MB.

Unloading 12 unused Assets to reduce memory usage. Loaded Objects now: 4248.
Total: 2.581000 ms (FindLiveObjects: 0.325400 ms CreateObjectMapping: 0.155500 ms MarkObjects: 2.075400 ms  DeleteObjects: 0.023500 ms)

========================================================================
Received Import Request.
  Time since last request: 414.162474 seconds.
  path: Assets/Scenes/Stage2.unity
  artifactKey: Guid(f61f8c382b2e6964db41862b486886a8) Importer(815301076,1909f56bfc062723c751e8b465ee728b)
Start importing Assets/Scenes/Stage2.unity using Guid(f61f8c382b2e6964db41862b486886a8) Importer(815301076,1909f56bfc062723c751e8b465ee728b)  -> (artifact id: 'f7718446a949a3f71d141d2eac17b6cd') in 0.020075 seconds 
========================================================================
Received Prepare
Registering precompiled user dll's ...
Registered in 0.004444 seconds.
Begin MonoManager ReloadAssembly
Native extension for WindowsStandalone target not found
Refreshing native plugins compatible for Editor in 0.66 ms, found 2 plugins.
Preloading 0 native plugins for Editor in 0.00 ms.
Mono: successfully reloaded assembly
- Completed reload, in  0.922 seconds
Platform modules already initialized, skipping
Refreshing native plugins compatible for Editor in 0.62 ms, found 2 plugins.
Preloading 0 native plugins for Editor in 0.00 ms.
Unloading 3377 Unused Serialized files (Serialized files now loaded: 0)
System memory in use before: 138.7 MB.
System memory in use after: 138.9 MB.

Unloading 12 unused Assets to reduce memory usage. Loaded Objects now: 4252.
Total: 2.548000 ms (FindLiveObjects: 0.332900 ms CreateObjectMapping: 0.165900 ms MarkObjects: 2.029700 ms  DeleteObjects: 0.018100 ms)

========================================================================
Received Import Request.
  Time since last request: 43.337626 seconds.
  path: Assets/Scenes/Stage2.unity
  artifactKey: Guid(f61f8c382b2e6964db41862b486886a8) Importer(815301076,1909f56bfc062723c751e8b465ee728b)
Start importing Assets/Scenes/Stage2.unity using Guid(f61f8c382b2e6964db41862b486886a8) Importer(815301076,1909f56bfc062723c751e8b465ee728b)  -> (artifact id: 'af6cfd4d7657373ab7daba05040a09e4') in 0.015504 seconds 
========================================================================
Received Prepare
Registering precompiled user dll's ...
Registered in 0.004490 seconds.
Begin MonoManager ReloadAssembly
Native extension for WindowsStandalone target not found
Refreshing native plugins compatible for Editor in 0.61 ms, found 2 plugins.
Preloading 0 native plugins for Editor in 0.00 ms.
Mono: successfully reloaded assembly
- Completed reload, in  0.907 seconds
Platform modules already initialized, skipping
Refreshing native plugins compatible for Editor in 0.63 ms, found 2 plugins.
Preloading 0 native plugins for Editor in 0.00 ms.
Unloading 3377 Unused Serialized files (Serialized files now loaded: 0)
System memory in use before: 138.7 MB.
System memory in use after: 139.0 MB.

Unloading 12 unused Assets to reduce memory usage. Loaded Objects now: 4256.
Total: 2.878600 ms (FindLiveObjects: 0.536000 ms CreateObjectMapping: 0.260700 ms MarkObjects: 2.060300 ms  DeleteObjects: 0.019700 ms)

