Using pre-set license
Built from '2021.1/china_unity/release' branch; Version is '2021.1.3f1c1 (3ff389b9352a) revision 4191113'; Using compiler version '192528614'; Build Type 'Release'
OS: 'Windows 10 Home; OS build 18363.1500; Version 1909; 64bit' Language: 'zh' Physical Memory: 7988 MB
BatchMode: 1, IsHumanControllingUs: 0, StartBugReporterOnCrash: 0, Is64bit: 1, IsPro: 0

 COMMAND LINE ARGUMENTS:
C:\Unity 2021.1.3f1c1\Editor\Unity.exe
-adb2
-batchMode
-noUpm
-name
AssetImportWorker0
-projectPath
C:/Users/14361/AliceInNeverland
-logFile
Logs/AssetImportWorker0.log
-srvPort
58302
Successfully changed project path to: C:/Users/14361/AliceInNeverland
C:/Users/14361/AliceInNeverland
Using Asset Import Pipeline V2.
Refreshing native plugins compatible for Editor in 295.85 ms, found 2 plugins.
Preloading 0 native plugins for Editor in 0.00 ms.
Initialize engine version: 2021.1.3f1c1 (3ff389b9352a)
[Subsystems] Discovering subsystems at path C:/Unity 2021.1.3f1c1/Editor/Data/Resources/UnitySubsystems
[Subsystems] Discovering subsystems at path C:/Users/14361/AliceInNeverland/Assets
GfxDevice: creating device client; threaded=0; jobified=0
Direct3D:
    Version:  Direct3D 11.0 [level 11.1]
    Renderer: NVIDIA GeForce RTX 2060 (ID=0x1f11)
    Vendor:   NVIDIA
    VRAM:     5980 MB
    Driver:   27.21.14.5687
Initialize mono
Mono path[0] = 'C:/Unity 2021.1.3f1c1/Editor/Data/Managed'
Mono path[1] = 'C:/Unity 2021.1.3f1c1/Editor/Data/MonoBleedingEdge/lib/mono/unityjit'
Mono config path = 'C:/Unity 2021.1.3f1c1/Editor/Data/MonoBleedingEdge/etc'
Using monoOptions --debugger-agent=transport=dt_socket,embedding=1,server=y,suspend=n,address=127.0.0.1:56252
Begin MonoManager ReloadAssembly
